INFO 2023-01-02 14:14:38,243 Watching for file changes with StatReloader
INFO 2023-01-02 14:14:39,766 "GET / HTTP/1.1" 302 0
INFO 2023-01-02 14:14:39,782 "GET /accounts/login/?next=/ HTTP/1.1" 200 3989
INFO 2023-01-02 14:14:39,862 "GET /static/plugins/fontawesome-free/css/all.min.css HTTP/1.1" 200 58582
INFO 2023-01-02 14:14:39,862 "GET /static/plugins/overlayScrollbars/css/OverlayScrollbars.min.css HTTP/1.1" 200 19736
INFO 2023-01-02 14:14:39,863 "GET /static/dist/css/login-page.css HTTP/1.1" 200 9064
INFO 2023-01-02 14:14:39,863 "GET /static/plugins/toastr/toastr.min.css HTTP/1.1" 200 6454
INFO 2023-01-02 14:14:39,863 "GET /static/plugins/jquery/jquery.min.js HTTP/1.1" 200 88147
INFO 2023-01-02 14:14:39,865 "GET /static/dist/css/adminlte.min.css HTTP/1.1" 200 686718
INFO 2023-01-02 14:14:39,875 "GET /static/plugins/toastr/toastr.min.js HTTP/1.1" 200 5253
INFO 2023-01-02 14:14:39,875 "GET /static/dist/js/demo.js HTTP/1.1" 200 13042
INFO 2023-01-02 14:14:39,876 "GET /static/dist/js/adminlte.js HTTP/1.1" 200 59416
INFO 2023-01-02 14:14:39,876 "GET /static/dist/js/jquery.formset.js HTTP/1.1" 200 13881
INFO 2023-01-02 14:14:39,877 "GET /static/plugins/overlayScrollbars/js/jquery.overlayScrollbars.min.js HTTP/1.1" 200 42395
INFO 2023-01-02 14:14:39,877 "GET /static/plugins/bootstrap/js/bootstrap.bundle.min.js HTTP/1.1" 200 80704
INFO 2023-01-02 14:14:39,881 "GET /static/dist/img/login.png HTTP/1.1" 200 445475
INFO 2023-01-02 14:14:40,027 "GET /static/plugins/fontawesome-free/webfonts/fa-solid-900.woff2 HTTP/1.1" 200 79444
WARNING 2023-01-02 14:14:40,099 Not Found: /favicon.ico
WARNING 2023-01-02 14:14:40,100 "GET /favicon.ico HTTP/1.1" 404 6202
INFO 2023-01-02 14:14:48,978 "POST /accounts/login/ HTTP/1.1" 302 0
INFO 2023-01-02 14:14:48,990 "GET / HTTP/1.1" 200 9298
INFO 2023-01-02 14:14:49,061 "GET /static/plugins/Datatables/datatables.min.css HTTP/1.1" 200 25807
INFO 2023-01-02 14:14:49,069 "GET /static/plugins/Datatables/datatables.min.js HTTP/1.1" 200 2042927
INFO 2023-01-02 14:14:49,243 "GET /static/plugins/fontawesome-free/webfonts/fa-regular-400.woff2 HTTP/1.1" 200 13584
INFO 2023-01-02 14:14:55,641 "GET /student/list HTTP/1.1" 200 9954
INFO 2023-01-02 14:14:57,140 "GET /staff/list/ HTTP/1.1" 200 9695
INFO 2023-01-02 14:14:58,903 "GET /finance/list/ HTTP/1.1" 200 10355
INFO 2023-01-02 14:15:08,453 "GET /result/create/ HTTP/1.1" 200 10923
INFO 2023-01-02 14:15:10,600 "GET /result/edit-results/ HTTP/1.1" 200 12069
INFO 2023-01-02 14:15:16,624 "GET /result/view/all HTTP/1.1" 200 10295
INFO 2023-01-02 14:15:19,165 "GET /session/list/ HTTP/1.1" 200 12292
INFO 2023-01-02 14:15:21,721 "GET /term/list/ HTTP/1.1" 200 12239
INFO 2023-01-02 14:15:24,774 "GET /subject/list/ HTTP/1.1" 200 11690
INFO 2023-01-02 14:15:26,872 "GET /class/list/ HTTP/1.1" 200 11979
INFO 2023-01-02 14:15:29,111 "GET /site-config HTTP/1.1" 200 10873
INFO 2023-01-02 14:15:52,334 "POST /site-config HTTP/1.1" 200 10905
INFO 2023-01-02 14:16:15,691 "GET /student/list HTTP/1.1" 200 9954
INFO 2023-01-02 14:16:17,544 "GET /student/create/ HTTP/1.1" 200 13695
INFO 2023-01-02 14:17:14,601 "POST /student/create/ HTTP/1.1" 200 13901
INFO 2023-01-02 14:17:20,982 "POST /student/create/ HTTP/1.1" 302 0
INFO 2023-01-02 14:17:21,001 "GET /student/4/ HTTP/1.1" 200 11319
INFO 2023-01-02 14:17:21,054 "GET /static/dist/img/avatar.png HTTP/1.1" 200 8543
INFO 2023-01-02 14:17:31,054 "GET /student/4/update/ HTTP/1.1" 200 13799
INFO 2023-01-02 14:17:37,075 "POST /student/4/update/ HTTP/1.1" 302 0
INFO 2023-01-02 14:17:37,094 "GET /student/4/ HTTP/1.1" 200 11316
INFO 2023-01-02 14:17:53,079 "GET /student/list HTTP/1.1" 200 9954
INFO 2023-01-02 14:17:56,476 "GET /student/upload/ HTTP/1.1" 200 10009
ERROR 2023-01-02 14:18:09,319 Internal Server Error: /student/upload/
Traceback (most recent call last):
  File "/home/asus/PycharmProjects/projects/Django-School-Management-System/venv/lib/python3.10/site-packages/django/core/handlers/exception.py", line 47, in inner
    response = get_response(request)
  File "/home/asus/PycharmProjects/projects/Django-School-Management-System/venv/lib/python3.10/site-packages/django/core/handlers/base.py", line 181, in _get_response
    response = wrapped_callback(request, *callback_args, **callback_kwargs)
  File "/home/asus/PycharmProjects/projects/Django-School-Management-System/venv/lib/python3.10/site-packages/django/views/generic/base.py", line 70, in view
    return self.dispatch(request, *args, **kwargs)
  File "/home/asus/PycharmProjects/projects/Django-School-Management-System/venv/lib/python3.10/site-packages/django/contrib/auth/mixins.py", line 71, in dispatch
    return super().dispatch(request, *args, **kwargs)
  File "/home/asus/PycharmProjects/projects/Django-School-Management-System/venv/lib/python3.10/site-packages/django/views/generic/base.py", line 98, in dispatch
    return handler(request, *args, **kwargs)
  File "/home/asus/PycharmProjects/projects/Django-School-Management-System/venv/lib/python3.10/site-packages/django/views/generic/edit.py", line 172, in post
    return super().post(request, *args, **kwargs)
  File "/home/asus/PycharmProjects/projects/Django-School-Management-System/venv/lib/python3.10/site-packages/django/views/generic/edit.py", line 142, in post
    return self.form_valid(form)
  File "/home/asus/PycharmProjects/projects/Django-School-Management-System/venv/lib/python3.10/site-packages/django/contrib/messages/views.py", line 11, in form_valid
    response = super().form_valid(form)
  File "/home/asus/PycharmProjects/projects/Django-School-Management-System/venv/lib/python3.10/site-packages/django/views/generic/edit.py", line 125, in form_valid
    self.object = form.save()
  File "/home/asus/PycharmProjects/projects/Django-School-Management-System/venv/lib/python3.10/site-packages/django/forms/models.py", line 468, in save
    self.instance.save()
  File "/home/asus/PycharmProjects/projects/Django-School-Management-System/venv/lib/python3.10/site-packages/django/db/models/base.py", line 726, in save
    self.save_base(using=using, force_insert=force_insert,
  File "/home/asus/PycharmProjects/projects/Django-School-Management-System/venv/lib/python3.10/site-packages/django/db/models/base.py", line 774, in save_base
    post_save.send(
  File "/home/asus/PycharmProjects/projects/Django-School-Management-System/venv/lib/python3.10/site-packages/django/dispatch/dispatcher.py", line 180, in send
    return [
  File "/home/asus/PycharmProjects/projects/Django-School-Management-System/venv/lib/python3.10/site-packages/django/dispatch/dispatcher.py", line 181, in <listcomp>
    (receiver, receiver(signal=self, sender=sender, **named))
  File "/home/asus/PycharmProjects/projects/Django-School-Management-System/apps/students/signals.py", line 16, in create_bulk_student
    opened = StringIO(instance.csv_file.read().decode())
UnicodeDecodeError: 'utf-8' codec can't decode byte 0x89 in position 0: invalid start byte
ERROR 2023-01-02 14:18:09,320 "POST /student/upload/ HTTP/1.1" 500 129646
INFO 2023-01-02 14:18:12,376 "GET /student/list HTTP/1.1" 200 9954
INFO 2023-01-02 14:18:13,387 "GET /staff/list/ HTTP/1.1" 200 9695
INFO 2023-01-02 14:18:24,528 "GET /student/list HTTP/1.1" 200 9954
INFO 2023-01-02 14:21:19,178 "GET / HTTP/1.1" 200 9298
INFO 2023-01-02 14:21:23,716 "GET /staff/list/ HTTP/1.1" 200 9695
INFO 2023-01-02 14:21:24,711 "GET /student/list HTTP/1.1" 200 9954
INFO 2023-01-02 14:21:26,505 "GET /finance/list/ HTTP/1.1" 200 10355
INFO 2023-01-02 14:21:28,061 "GET /result/create/ HTTP/1.1" 200 11114
INFO 2023-01-02 14:21:33,761 "POST /result/create/ HTTP/1.1" 200 11146
INFO 2023-01-02 14:21:38,367 "POST /result/create/ HTTP/1.1" 302 0
INFO 2023-01-02 14:21:38,403 "GET /result/edit-results/ HTTP/1.1" 200 12730
INFO 2023-01-02 14:21:40,158 "POST /result/edit-results/ HTTP/1.1" 302 0
INFO 2023-01-02 14:21:40,197 "GET /result/edit-results/ HTTP/1.1" 200 12873
INFO 2023-01-02 14:21:54,636 "POST /result/edit-results/ HTTP/1.1" 302 0
INFO 2023-01-02 14:21:54,672 "GET /result/edit-results/ HTTP/1.1" 200 12878
INFO 2023-01-02 14:22:43,203 "GET /staff/list/ HTTP/1.1" 200 9695
INFO 2023-01-02 14:22:43,601 "GET /student/list HTTP/1.1" 200 9954
INFO 2023-01-02 14:22:45,619 "GET /student/upload/ HTTP/1.1" 200 10009
INFO 2023-01-02 14:24:21,867 "GET /student/list HTTP/1.1" 200 9954
INFO 2023-01-02 14:24:23,107 "GET /result/create/ HTTP/1.1" 200 11114
INFO 2023-01-02 14:24:38,129 "GET /result/edit-results/ HTTP/1.1" 200 12735
INFO 2023-01-02 14:24:41,143 "GET /result/edit-results/ HTTP/1.1" 200 12735
INFO 2023-01-02 14:24:49,381 "POST /result/edit-results/ HTTP/1.1" 302 0
INFO 2023-01-02 14:24:49,410 "GET /result/edit-results/ HTTP/1.1" 200 10921
INFO 2023-01-02 14:24:54,601 "GET / HTTP/1.1" 200 9298
INFO 2023-01-02 14:25:20,990 "GET /student/list HTTP/1.1" 200 9954
INFO 2023-01-02 14:25:26,165 "GET /student/create/ HTTP/1.1" 200 13695
INFO 2023-01-02 14:26:28,526 "GET /staff/list/ HTTP/1.1" 200 9695
INFO 2023-01-02 14:26:31,291 "GET /student/list HTTP/1.1" 200 9954
WARNING 2023-01-02 14:32:15,050 "GET /static/plugins/Datatables/pdfmake.min.js.map HTTP/1.1" 404 1870
INFO 2023-01-02 14:32:15,050 "GET /static/plugins/toastr/toastr.js.map HTTP/1.1" 200 25633
INFO 2023-01-02 14:32:15,051 "GET /static/dist/js/adminlte.js.map HTTP/1.1" 200 113276
INFO 2023-01-02 14:32:15,051 "GET /static/plugins/bootstrap/js/bootstrap.bundle.min.js.map HTTP/1.1" 200 318045
INFO 2023-01-02 14:32:15,074 "GET /static/dist/css/adminlte.min.css.map HTTP/1.1" 200 2149167
INFO 2023-01-02 14:40:24,555 "GET /finance/list/ HTTP/1.1" 200 9933
INFO 2023-01-02 14:40:27,927 "GET /student/list HTTP/1.1" 200 9954
INFO 2023-01-02 14:40:28,841 "GET /staff/list/ HTTP/1.1" 200 9695
INFO 2023-01-02 14:40:30,088 "GET /result/create/ HTTP/1.1" 200 10585
INFO 2023-01-02 14:40:40,897 "POST /result/create/ HTTP/1.1" 200 11146
INFO 2023-01-02 14:40:43,729 "POST /result/create/ HTTP/1.1" 200 11146
INFO 2023-01-02 14:40:46,453 "POST /result/create/ HTTP/1.1" 302 0
INFO 2023-01-02 14:40:46,478 "GET /result/edit-results/ HTTP/1.1" 200 10778
INFO 2023-01-02 14:40:51,019 "POST /result/edit-results/ HTTP/1.1" 302 0
INFO 2023-01-02 14:40:51,042 "GET /result/edit-results/ HTTP/1.1" 200 10921
INFO 2023-01-02 14:40:53,126 "GET /result/create/ HTTP/1.1" 200 10585
INFO 2023-01-02 14:41:03,159 "GET /result/create/ HTTP/1.1" 200 10585
INFO 2023-01-02 14:41:03,861 "GET /result/edit-results/ HTTP/1.1" 200 10778
INFO 2023-01-02 14:41:06,471 "GET /result/create/ HTTP/1.1" 200 10585
INFO 2023-01-02 14:41:08,115 "POST /result/create/ HTTP/1.1" 200 10729
INFO 2023-01-02 14:41:53,556 "POST /result/create/ HTTP/1.1" 200 11146
INFO 2023-01-02 14:41:55,565 "POST /result/create/ HTTP/1.1" 302 0
INFO 2023-01-02 14:41:55,592 "GET /result/edit-results/ HTTP/1.1" 200 11443
INFO 2023-01-02 14:42:05,534 "POST /result/edit-results/ HTTP/1.1" 302 0
INFO 2023-01-02 14:42:05,563 "GET /result/edit-results/ HTTP/1.1" 200 11610
INFO 2023-01-02 14:42:15,268 "POST /result/edit-results/ HTTP/1.1" 302 0
INFO 2023-01-02 14:42:15,291 "GET /result/edit-results/ HTTP/1.1" 200 10921
INFO 2023-01-02 15:06:29,564 "GET /site-config HTTP/1.1" 200 10873
WARNING 2023-01-02 15:57:46,782 Not Found: /swagger/
WARNING 2023-01-02 15:57:46,783 "GET /swagger/ HTTP/1.1" 404 6193
INFO 2023-01-02 15:57:48,481 "GET / HTTP/1.1" 302 0
INFO 2023-01-02 15:57:48,492 "GET /accounts/login/?next=/ HTTP/1.1" 200 3989
WARNING 2023-01-02 15:57:48,640 Not Found: /favicon.ico
WARNING 2023-01-02 15:57:48,641 "GET /favicon.ico HTTP/1.1" 404 6202
INFO 2023-01-02 15:57:53,635 "POST /accounts/login/ HTTP/1.1" 302 0
INFO 2023-01-02 15:57:53,646 "GET / HTTP/1.1" 200 9298
INFO 2023-01-02 15:57:59,506 "GET /staff/list/ HTTP/1.1" 200 9695
INFO 2023-01-02 15:58:01,355 "GET / HTTP/1.1" 200 9298
INFO 2023-01-02 15:58:02,934 "GET /site-config HTTP/1.1" 200 10873
INFO 2023-01-02 15:59:04,021 "GET /site-config HTTP/1.1" 200 10873
INFO 2023-01-02 15:59:04,153 /home/asus/PycharmProjects/projects/Django-School-Management-System/apps/corecode/migrations/0002_auto_20200506_1520.py changed, reloading.
INFO 2023-01-02 15:59:04,759 Watching for file changes with StatReloader
INFO 2023-01-02 15:59:06,318 "GET /site-config HTTP/1.1" 200 10873
INFO 2023-01-02 15:59:11,093 Watching for file changes with StatReloader
INFO 2023-01-02 15:59:12,819 "GET / HTTP/1.1" 302 0
INFO 2023-01-02 15:59:12,829 "GET /accounts/login/?next=/ HTTP/1.1" 200 3989
WARNING 2023-01-02 15:59:14,151 Not Found: /favicon.ico
WARNING 2023-01-02 15:59:14,152 "GET /favicon.ico HTTP/1.1" 404 6202
INFO 2023-01-02 15:59:19,916 "POST /accounts/login/ HTTP/1.1" 302 0
INFO 2023-01-02 15:59:19,928 "GET / HTTP/1.1" 200 9298
INFO 2023-01-02 15:59:24,354 "GET /site-config HTTP/1.1" 200 10873
INFO 2023-01-02 16:03:32,068 /home/asus/PycharmProjects/projects/Django-School-Management-System/apps/corecode/migrations/0002_auto_20200506_1520.py changed, reloading.
INFO 2023-01-02 16:03:32,434 Watching for file changes with StatReloader
INFO 2023-01-05 13:19:36,992 Watching for file changes with StatReloader
INFO 2023-01-05 13:19:39,194 "GET / HTTP/1.1" 302 0
INFO 2023-01-05 13:19:39,255 "GET /accounts/login/?next=/ HTTP/1.1" 200 3989
WARNING 2023-01-05 13:19:39,437 Not Found: /favicon.ico
WARNING 2023-01-05 13:19:39,437 "GET /favicon.ico HTTP/1.1" 404 6202
INFO 2023-01-05 13:19:44,456 "POST /accounts/login/ HTTP/1.1" 302 0
INFO 2023-01-05 13:19:44,508 "GET / HTTP/1.1" 200 9298
INFO 2023-01-05 13:20:36,662 "GET /site-config HTTP/1.1" 200 10873
INFO 2023-01-05 13:21:13,305 Watching for file changes with StatReloader
INFO 2023-01-05 13:21:16,510 "GET / HTTP/1.1" 200 9298
INFO 2023-01-05 13:21:17,492 "GET /site-config HTTP/1.1" 200 10873
INFO 2023-01-05 13:24:13,335 "GET /static/plugins/toastr/toastr.js.map HTTP/1.1" 200 25633
WARNING 2023-01-05 13:24:13,337 "GET /static/plugins/Datatables/pdfmake.min.js.map HTTP/1.1" 404 1870
INFO 2023-01-05 13:24:13,338 "GET /static/dist/js/adminlte.js.map HTTP/1.1" 200 113276
INFO 2023-01-05 13:24:13,338 "GET /static/plugins/bootstrap/js/bootstrap.bundle.min.js.map HTTP/1.1" 200 318045
INFO 2023-01-05 13:24:13,358 "GET /static/dist/css/adminlte.min.css.map HTTP/1.1" 200 2149167
INFO 2023-01-05 13:35:30,436 Watching for file changes with StatReloader
INFO 2023-01-05 13:35:31,923 "GET / HTTP/1.1" 200 9298
INFO 2023-01-05 13:35:33,152 "GET / HTTP/1.1" 200 9298
INFO 2023-01-05 13:35:34,148 "GET /site-config HTTP/1.1" 200 10895
INFO 2023-01-05 13:36:18,251 Watching for file changes with StatReloader
INFO 2023-01-05 13:36:19,482 "GET /site-config HTTP/1.1" 200 10494
INFO 2023-01-05 13:39:10,072 Watching for file changes with StatReloader
INFO 2023-01-05 13:39:11,208 "GET /site-config HTTP/1.1" 200 9234
INFO 2023-01-05 13:39:12,451 "GET /site-config HTTP/1.1" 200 9234
INFO 2023-01-05 13:39:13,713 "GET /site-config HTTP/1.1" 200 9234
